+ directory-metadata
+ whoami
wolchear
+ hostname -f
Ubuntu.myguest.virtualbox.org
+ pwd
/home/wolchear/Desktop/bioInfIII/2assigment/working_copy/software_investigations/trunk
+ set +x
+ svnversion
30M
+ svn info
Path: .
Working Copy Root Path: /home/wolchear/Desktop/bioInfIII/2assigment/working_copy
URL: file:///home/wolchear/Desktop/bioInfIII/2assigment/pdbx-NA-torison-G-X/software_investigations/trunk
Relative URL: ^/software_investigations/trunk
Repository Root: file:///home/wolchear/Desktop/bioInfIII/2assigment/pdbx-NA-torison-G-X
Repository UUID: 66f5417e-3dde-4fec-bdca-e80d95b29715
Revision: 30
Node Kind: directory
Schedule: normal
Last Changed Author: wolchear
Last Changed Rev: 30
Last Changed Date: 2024-05-28 23:02:25 +0300 (Tue, 28 May 2024)

+ df -h .
Filesystem      Size  Used Avail Use% Mounted on
/dev/sda3        40G   37G  1.2G  98% /
+ type osname
osname: not found
+ uname -a
Linux Ubuntu 6.5.0-35-generic #35~22.04.1-Ubuntu SMP PREEMPT_DYNAMIC Tue May  7 09:00:52 UTC 2 x86_64 x86_64 x86_64 GNU/Linux
+ date
Mon  3 Jun 15:58:12 EEST 2024
+ wget -O inputs/5HT2.pdb http://www.rcsb.org/pdb/files/5HT2.pdb
URL transformed to HTTPS due to an HSTS policy
--2024-06-03 15:58:12--  https://www.rcsb.org/pdb/files/5HT2.pdb
Resolving www.rcsb.org (www.rcsb.org)... 128.6.159.248
Connecting to www.rcsb.org (www.rcsb.org)|128.6.159.248|:443... connected.
HTTP request sent, awaiting response... 301 Moved Permanently
Location: https://files.rcsb.org/download/5HT2.pdb [following]
--2024-06-03 15:58:12--  https://files.rcsb.org/download/5HT2.pdb
Resolving files.rcsb.org (files.rcsb.org)... 128.6.159.100
Connecting to files.rcsb.org (files.rcsb.org)|128.6.159.100|:443... connected.
HTTP request sent, awaiting response... 200 OK
Length: unspecified [application/octet-stream]
Saving to: ‘inputs/5HT2.pdb’

     0K .......... .......... .......... .......... ..........  236K
    50K .......... .......... .......... .......... ..........  427K
   100K .......... .......... .......... .......... .......... 5.71M
   150K .......... .......... .......... .......... .......... 53.1M
   200K .......... .......... .......... .......... ..........  560K
   250K .......... .......... .......... .......... .......... 20.4M
   300K .......... .......... .......... .......... ..........  556K
   350K .......... .......... .......... .......... .......... 3.28M
   400K .......... .......... .......... .......... .......... 4.67M
   450K .......... .......... .......... .......... .......... 33.1M
   500K .......... .......... .......... .......... .......... 31.8M
   550K .......... .......... .......... .......... ..........  644K
   600K .......... .......... .......... .......... .......... 3.02M
   650K .......... .......... .......... .......... ..........  173M
   700K .......... .......... .......... .......... .......... 52.3M
   750K .......... .......... .......... .......... .......... 5.70M
   800K .......... .......... .......... .......... .......... 72.6M
   850K .......... .......... .......... .......... .......... 5.94M
   900K .......... .......... .......... .......... .......... 24.3M
   950K .......... .......... .......... .......... .......... 91.2M
  1000K .......... .......... .......... .......... ..........  167M
  1050K .......... .......... .......... .......... ..........  740K
  1100K .......... .......... .......... .......... .......... 3.33M
  1150K .......... .......... .......... .......... .......... 14.4M
  1200K .......... .......... .......... .......... .....      44.6M=0.7s

2024-06-03 15:58:13 (1.62 MB/s) - ‘inputs/5HT2.pdb’ saved [1275669]

+ date -Imin
2024-06-03T15:58+03:00
