+ directory-metadata
+ whoami
wolchear
+ hostname -f
Ubuntu.myguest.virtualbox.org
+ pwd
/home/wolchear/Desktop/bioInfIII/2assigment/working_copy/software_investigations/trunk
+ set +x
+ svnversion
30M
+ svn info
Path: .
Working Copy Root Path: /home/wolchear/Desktop/bioInfIII/2assigment/working_copy
URL: file:///home/wolchear/Desktop/bioInfIII/2assigment/pdbx-NA-torison-G-X/software_investigations/trunk
Relative URL: ^/software_investigations/trunk
Repository Root: file:///home/wolchear/Desktop/bioInfIII/2assigment/pdbx-NA-torison-G-X
Repository UUID: 66f5417e-3dde-4fec-bdca-e80d95b29715
Revision: 30
Node Kind: directory
Schedule: normal
Last Changed Author: wolchear
Last Changed Rev: 30
Last Changed Date: 2024-05-28 23:02:25 +0300 (Tue, 28 May 2024)

+ df -h .
Filesystem      Size  Used Avail Use% Mounted on
/dev/sda3        40G   37G  1.2G  98% /
+ type osname
osname: not found
+ uname -a
Linux Ubuntu 6.5.0-35-generic #35~22.04.1-Ubuntu SMP PREEMPT_DYNAMIC Tue May  7 09:00:52 UTC 2 x86_64 x86_64 x86_64 GNU/Linux
+ date
Mon  3 Jun 15:59:18 EEST 2024
+ wget -O inputs/5HZ7.pdb http://www.rcsb.org/pdb/files/5HZ7.pdb
URL transformed to HTTPS due to an HSTS policy
--2024-06-03 15:59:18--  https://www.rcsb.org/pdb/files/5HZ7.pdb
Resolving www.rcsb.org (www.rcsb.org)... 128.6.159.248
Connecting to www.rcsb.org (www.rcsb.org)|128.6.159.248|:443... connected.
HTTP request sent, awaiting response... 301 Moved Permanently
Location: https://files.rcsb.org/download/5HZ7.pdb [following]
--2024-06-03 15:59:18--  https://files.rcsb.org/download/5HZ7.pdb
Resolving files.rcsb.org (files.rcsb.org)... 128.6.159.100
Connecting to files.rcsb.org (files.rcsb.org)|128.6.159.100|:443... connected.
HTTP request sent, awaiting response... 200 OK
Length: unspecified [application/octet-stream]
Saving to: ‘inputs/5HZ7.pdb’

     0K .......... .......... .......... .......... ..........  240K
    50K .......... .......... .......... .......... ..........  503K
   100K .......... .......... .......... .......... .......... 6.34M
   150K .......... .......... .......... .......... .......... 25.5M
   200K .......... .......... .......... .......... ..........  481K
   250K .......... .......... .......... .......... .......... 15.3M
   300K .......... .......... .......... .......... ..........  532K
   350K .......... .......... .......... .......... .......... 4.90M
   400K .......... .......... .......... .......... .......... 23.6M
   450K .......... .......... .......... .......... .......... 31.0M
   500K .......... .......... .......... .......... .......... 33.0M
   550K .......... .......... .......... .......... ..........  549K
   600K .......... .......... .......... .......... .......... 4.22M
   650K .......... .......... .......... .......... .......... 12.0M
   700K .......... .......... .......... .......... .......... 44.0M
   750K .......... .......... .......... .......... .......... 77.0M
   800K .......... .......... .......... .......... .......... 8.92M
   850K .......... .......... .......... .......... .......... 21.3M
   900K .......... .......... .......... .......... .......... 31.0M
   950K .......... .......... .......... .......... .......... 27.6M
  1000K .......... .......... .......... .......... .......... 16.6M
  1050K .......... .......... ..                               33.0M=0.7s

2024-06-03 15:59:19 (1.59 MB/s) - ‘inputs/5HZ7.pdb’ saved [1097874]

+ date -Imin
2024-06-03T15:59+03:00
