+ directory-metadata
+ whoami
wolchear
+ hostname -f
Ubuntu.myguest.virtualbox.org
+ pwd
/home/wolchear/Desktop/bioInfIII/2assigment/working_copy/software_investigations/trunk
+ set +x
+ svnversion
30M
+ svn info
Path: .
Working Copy Root Path: /home/wolchear/Desktop/bioInfIII/2assigment/working_copy
URL: file:///home/wolchear/Desktop/bioInfIII/2assigment/pdbx-NA-torison-G-X/software_investigations/trunk
Relative URL: ^/software_investigations/trunk
Repository Root: file:///home/wolchear/Desktop/bioInfIII/2assigment/pdbx-NA-torison-G-X
Repository UUID: 66f5417e-3dde-4fec-bdca-e80d95b29715
Revision: 30
Node Kind: directory
Schedule: normal
Last Changed Author: wolchear
Last Changed Rev: 30
Last Changed Date: 2024-05-28 23:02:25 +0300 (Tue, 28 May 2024)

+ df -h .
Filesystem      Size  Used Avail Use% Mounted on
/dev/sda3        40G   37G  1.2G  98% /
+ type osname
osname: not found
+ uname -a
Linux Ubuntu 6.5.0-35-generic #35~22.04.1-Ubuntu SMP PREEMPT_DYNAMIC Tue May  7 09:00:52 UTC 2 x86_64 x86_64 x86_64 GNU/Linux
+ date
Mon  3 Jun 15:59:33 EEST 2024
+ wget -O inputs/5O1A.pdb http://www.rcsb.org/pdb/files/5O1A.pdb
URL transformed to HTTPS due to an HSTS policy
--2024-06-03 15:59:33--  https://www.rcsb.org/pdb/files/5O1A.pdb
Resolving www.rcsb.org (www.rcsb.org)... 128.6.159.248
Connecting to www.rcsb.org (www.rcsb.org)|128.6.159.248|:443... connected.
HTTP request sent, awaiting response... 301 Moved Permanently
Location: https://files.rcsb.org/download/5O1A.pdb [following]
--2024-06-03 15:59:33--  https://files.rcsb.org/download/5O1A.pdb
Resolving files.rcsb.org (files.rcsb.org)... 128.6.159.100
Connecting to files.rcsb.org (files.rcsb.org)|128.6.159.100|:443... connected.
HTTP request sent, awaiting response... 200 OK
Length: unspecified [application/octet-stream]
Saving to: ‘inputs/5O1A.pdb’

     0K .......... .......... .......... .......... ..........  241K
    50K .......... .......... .......... .......... ..........  489K
   100K .......... .......... .......... .......... .......... 8.46M
   150K .......... .......... .......... .......... .......... 14.7M
   200K .......... .......... .......... .......... ..........  507K
   250K .......... .......... .......... .......... .......... 8.96M
   300K .......... .......... .......... .......... ..........  514K
   350K .......... .......... .......... .......... .......... 9.59M
   400K .......... .......... .......... .......... .......... 26.2M
   450K .......... .......... .......... .......... .......... 55.3M
   500K .......... .......... .......... .......... .......... 5.11M
   550K .......... .......... ..........                        358K=0.6s

2024-06-03 15:59:34 (931 KB/s) - ‘inputs/5O1A.pdb’ saved [594702]

+ date -Imin
2024-06-03T15:59+03:00
