+ directory-metadata
+ whoami
wolchear
+ hostname -f
Ubuntu.myguest.virtualbox.org
+ pwd
/home/wolchear/Desktop/bioInfIII/2assigment/working_copy/software_investigations/trunk
+ set +x
+ svnversion
32M
+ svn info
Path: .
Working Copy Root Path: /home/wolchear/Desktop/bioInfIII/2assigment/working_copy
URL: file:///home/wolchear/Desktop/bioInfIII/2assigment/pdbx-NA-torison-G-X/software_investigations/trunk
Relative URL: ^/software_investigations/trunk
Repository Root: file:///home/wolchear/Desktop/bioInfIII/2assigment/pdbx-NA-torison-G-X
Repository UUID: 66f5417e-3dde-4fec-bdca-e80d95b29715
Revision: 32
Node Kind: directory
Schedule: normal
Last Changed Author: wolchear
Last Changed Rev: 32
Last Changed Date: 2024-06-03 23:22:34 +0300 (Mon, 03 Jun 2024)

+ df -h .
Filesystem      Size  Used Avail Use% Mounted on
/dev/sda3        40G   37G  1.1G  98% /
+ type osname
osname: not found
+ uname -a
Linux Ubuntu 6.5.0-35-generic #35~22.04.1-Ubuntu SMP PREEMPT_DYNAMIC Tue May  7 09:00:52 UTC 2 x86_64 x86_64 x86_64 GNU/Linux
+ date
Mon  3 Jun 23:25:11 EEST 2024
+ wget -O inputs/5QUQ.pdb http://www.rcsb.org/pdb/files/5QUQ.pdb
URL transformed to HTTPS due to an HSTS policy
--2024-06-03 23:25:11--  https://www.rcsb.org/pdb/files/5QUQ.pdb
Resolving www.rcsb.org (www.rcsb.org)... 128.6.159.248
Connecting to www.rcsb.org (www.rcsb.org)|128.6.159.248|:443... connected.
HTTP request sent, awaiting response... 301 Moved Permanently
Location: https://files.rcsb.org/download/5QUQ.pdb [following]
--2024-06-03 23:25:12--  https://files.rcsb.org/download/5QUQ.pdb
Resolving files.rcsb.org (files.rcsb.org)... 128.6.159.245
Connecting to files.rcsb.org (files.rcsb.org)|128.6.159.245|:443... connected.
HTTP request sent, awaiting response... 200 OK
Length: unspecified [application/octet-stream]
Saving to: ‘inputs/5QUQ.pdb’

     0K .......... .......... .......... .......... ..........  230K
    50K .......... .......... .......... .......... ..........  470K
   100K .......... .......... .......... .......... .......... 7.60M
   150K .......... .......... .......... .......... .......... 8.31M
   200K .......... .......... .......... .......... ..........  476K
   250K .......... .......... .......... .......... .......... 5.36M
   300K .......... .......... .......                          43.9M=0.5s

2024-06-03 23:25:12 (728 KB/s) - ‘inputs/5QUQ.pdb’ saved [335583]

+ date -Imin
2024-06-03T23:25+03:00
