+ directory-metadata
+ whoami
wolchear
+ hostname -f
Ubuntu.myguest.virtualbox.org
+ pwd
/home/wolchear/Desktop/bioInfIII/2assigment/working_copy/software_investigations/trunk
+ set +x
+ svnversion
30M
+ svn info
Path: .
Working Copy Root Path: /home/wolchear/Desktop/bioInfIII/2assigment/working_copy
URL: file:///home/wolchear/Desktop/bioInfIII/2assigment/pdbx-NA-torison-G-X/software_investigations/trunk
Relative URL: ^/software_investigations/trunk
Repository Root: file:///home/wolchear/Desktop/bioInfIII/2assigment/pdbx-NA-torison-G-X
Repository UUID: 66f5417e-3dde-4fec-bdca-e80d95b29715
Revision: 30
Node Kind: directory
Schedule: normal
Last Changed Author: wolchear
Last Changed Rev: 30
Last Changed Date: 2024-05-28 23:02:25 +0300 (Tue, 28 May 2024)

+ df -h .
Filesystem      Size  Used Avail Use% Mounted on
/dev/sda3        40G   37G  1.1G  98% /
+ type osname
osname: not found
+ uname -a
Linux Ubuntu 6.5.0-35-generic #35~22.04.1-Ubuntu SMP PREEMPT_DYNAMIC Tue May  7 09:00:52 UTC 2 x86_64 x86_64 x86_64 GNU/Linux
+ date
Mon  3 Jun 16:00:27 EEST 2024
+ wget -O inputs/6AIL.pdb http://www.rcsb.org/pdb/files/6AIL.pdb
URL transformed to HTTPS due to an HSTS policy
--2024-06-03 16:00:27--  https://www.rcsb.org/pdb/files/6AIL.pdb
Resolving www.rcsb.org (www.rcsb.org)... 128.6.159.248
Connecting to www.rcsb.org (www.rcsb.org)|128.6.159.248|:443... connected.
HTTP request sent, awaiting response... 301 Moved Permanently
Location: https://files.rcsb.org/download/6AIL.pdb [following]
--2024-06-03 16:00:27--  https://files.rcsb.org/download/6AIL.pdb
Resolving files.rcsb.org (files.rcsb.org)... 128.6.159.100
Connecting to files.rcsb.org (files.rcsb.org)|128.6.159.100|:443... connected.
HTTP request sent, awaiting response... 200 OK
Length: unspecified [application/octet-stream]
Saving to: ‘inputs/6AIL.pdb’

     0K .......... .......... .......... .......... ..........  239K
    50K .......... .......... .......... .......... ..........  504K
   100K .......... .......... .......... .......... .......... 3.99M
   150K .......... .......... .......... .......... .......... 6.52M
   200K .......... .......... .......... .......... ..........  543K
   250K .......... .......... .......... .......... .......... 4.37M
   300K .......... .......... .......... .......... ..........  552K
   350K .......... .......... .......... .......... .......... 3.76M
   400K ......                                                 99.9M=0.5s

2024-06-03 16:00:28 (760 KB/s) - ‘inputs/6AIL.pdb’ saved [416421]

+ date -Imin
2024-06-03T16:00+03:00
