+ directory-metadata
+ whoami
wolchear
+ hostname -f
Ubuntu.myguest.virtualbox.org
+ pwd
/home/wolchear/Desktop/bioInfIII/2assigment/working_copy/software_investigations/trunk
+ set +x
+ svnversion
30M
+ svn info
Path: .
Working Copy Root Path: /home/wolchear/Desktop/bioInfIII/2assigment/working_copy
URL: file:///home/wolchear/Desktop/bioInfIII/2assigment/pdbx-NA-torison-G-X/software_investigations/trunk
Relative URL: ^/software_investigations/trunk
Repository Root: file:///home/wolchear/Desktop/bioInfIII/2assigment/pdbx-NA-torison-G-X
Repository UUID: 66f5417e-3dde-4fec-bdca-e80d95b29715
Revision: 30
Node Kind: directory
Schedule: normal
Last Changed Author: wolchear
Last Changed Rev: 30
Last Changed Date: 2024-05-28 23:02:25 +0300 (Tue, 28 May 2024)

+ df -h .
Filesystem      Size  Used Avail Use% Mounted on
/dev/sda3        40G   37G  1.1G  98% /
+ type osname
osname: not found
+ uname -a
Linux Ubuntu 6.5.0-35-generic #35~22.04.1-Ubuntu SMP PREEMPT_DYNAMIC Tue May  7 09:00:52 UTC 2 x86_64 x86_64 x86_64 GNU/Linux
+ date
Mon  3 Jun 16:03:19 EEST 2024
+ wget -O inputs/6N0D.pdb http://www.rcsb.org/pdb/files/6N0D.pdb
URL transformed to HTTPS due to an HSTS policy
--2024-06-03 16:03:19--  https://www.rcsb.org/pdb/files/6N0D.pdb
Resolving www.rcsb.org (www.rcsb.org)... 128.6.159.248
Connecting to www.rcsb.org (www.rcsb.org)|128.6.159.248|:443... connected.
HTTP request sent, awaiting response... 301 Moved Permanently
Location: https://files.rcsb.org/download/6N0D.pdb [following]
--2024-06-03 16:03:19--  https://files.rcsb.org/download/6N0D.pdb
Resolving files.rcsb.org (files.rcsb.org)... 128.6.159.100
Connecting to files.rcsb.org (files.rcsb.org)|128.6.159.100|:443... connected.
HTTP request sent, awaiting response... 200 OK
Length: unspecified [application/octet-stream]
Saving to: ‘inputs/6N0D.pdb’

     0K .......... .......... .......... .......... ..........  244K
    50K .......... .......... .......... .......... ..........  488K
   100K .......... .......... .......... .......... .......... 7.30M
   150K .......... .......... .......... .......... .......... 47.8M
   200K .......... .......... .......... .......... ..........  501K
   250K .......... .......... .......... .......... .......... 6.51M
   300K .......... .......... .......... .......... ..........  526K
   350K .......... .......... .......... .......... .......... 4.64M
   400K .......... .......... .......... .......... .......... 52.5M
   450K .......... .......... .......... .......... ..........  139M
   500K .......... .......... .......... .......... .......... 28.7M
   550K .......... .......... .......... .......... ..........  552K
   600K .......... .......... .......... .......... .......... 2.97M
   650K .......... .......... .......... .......... .......... 4.86M
   700K .......... .......... .......... .......... .......... 24.8M
   750K .......... .......... .......... .......... .......... 9.03M
   800K .......... .......... .......... .......... .......... 10.3M
   850K .......... .......... .......... .......... ..........  105M
   900K .......... .......... .......... .......... .......... 84.4M
   950K .......... .......... .......... .......... .......... 99.4M
  1000K .......... .......... .......... .......... .......... 84.9M
  1050K .......... .......... .......... .......... ..........  813K
  1100K .......... .......... .......... .......... .......... 14.9M
  1150K .......... .......... .......... .......... .......... 24.0M
  1200K .......... .......... .......... .......... .......... 2.10M
  1250K .......... .......... .                                 296M=0.8s

2024-06-03 16:03:20 (1.65 MB/s) - ‘inputs/6N0D.pdb’ saved [1302480]

+ date -Imin
2024-06-03T16:03+03:00
