+ directory-metadata
+ whoami
wolchear
+ hostname -f
Ubuntu.myguest.virtualbox.org
+ pwd
/home/wolchear/Desktop/bioInfIII/2assigment/working_copy/software_investigations/trunk
+ set +x
+ svnversion
30M
+ svn info
Path: .
Working Copy Root Path: /home/wolchear/Desktop/bioInfIII/2assigment/working_copy
URL: file:///home/wolchear/Desktop/bioInfIII/2assigment/pdbx-NA-torison-G-X/software_investigations/trunk
Relative URL: ^/software_investigations/trunk
Repository Root: file:///home/wolchear/Desktop/bioInfIII/2assigment/pdbx-NA-torison-G-X
Repository UUID: 66f5417e-3dde-4fec-bdca-e80d95b29715
Revision: 30
Node Kind: directory
Schedule: normal
Last Changed Author: wolchear
Last Changed Rev: 30
Last Changed Date: 2024-05-28 23:02:25 +0300 (Tue, 28 May 2024)

+ df -h .
Filesystem      Size  Used Avail Use% Mounted on
/dev/sda3        40G   37G  1.2G  98% /
+ type osname
osname: not found
+ uname -a
Linux Ubuntu 6.5.0-35-generic #35~22.04.1-Ubuntu SMP PREEMPT_DYNAMIC Tue May  7 09:00:52 UTC 2 x86_64 x86_64 x86_64 GNU/Linux
+ date
Mon  3 Jun 15:58:20 EEST 2024
+ wget -O inputs/6OD3.pdb http://www.rcsb.org/pdb/files/6OD3.pdb
URL transformed to HTTPS due to an HSTS policy
--2024-06-03 15:58:20--  https://www.rcsb.org/pdb/files/6OD3.pdb
Resolving www.rcsb.org (www.rcsb.org)... 128.6.159.248
Connecting to www.rcsb.org (www.rcsb.org)|128.6.159.248|:443... connected.
HTTP request sent, awaiting response... 301 Moved Permanently
Location: https://files.rcsb.org/download/6OD3.pdb [following]
--2024-06-03 15:58:20--  https://files.rcsb.org/download/6OD3.pdb
Resolving files.rcsb.org (files.rcsb.org)... 128.6.159.100
Connecting to files.rcsb.org (files.rcsb.org)|128.6.159.100|:443... connected.
HTTP request sent, awaiting response... 200 OK
Length: unspecified [application/octet-stream]
Saving to: ‘inputs/6OD3.pdb’

     0K .......... .......... .......... .......... ..........  210K
    50K .......... .......... .......... .......... ..........  419K
   100K .......... .......... .......... .......... .......... 10.2M
   150K .......... .......... .......... .......... .......... 16.7M
   200K .......... .......... .......... .......... ..........  378K
   250K .......... .......... .......... .......... .......... 80.5M
   300K .......... .......... .......... .......... ..........  493K
   350K .......... .......... .......... .......... .......... 3.77M
   400K .......... .......... .......... .......... .......... 42.5M
   450K .......... .......... .......... .......... .......... 39.5M
   500K .......... .......... .......... .......... .......... 47.5M
   550K .......... .......... .......... .......... ..........  476K
   600K .......... .......... .......... .......... .......... 38.2M
   650K .......... .......... .......... .......... .......... 4.99M
   700K .......... .......... .......... .......... .......... 13.7M
   750K .......... .......... .......... .......... .......... 8.65M
   800K .......... .......... .......... .......... .......... 37.3M
   850K .......... ..                                          65.3M=0.7s

2024-06-03 15:58:22 (1.13 MB/s) - ‘inputs/6OD3.pdb’ saved [883224]

+ date -Imin
2024-06-03T15:58+03:00
