+ directory-metadata
+ whoami
wolchear
+ hostname -f
Ubuntu.myguest.virtualbox.org
+ pwd
/home/wolchear/Desktop/bioInfIII/2assigment/working_copy/software_investigations/trunk
+ set +x
+ svnversion
30M
+ svn info
Path: .
Working Copy Root Path: /home/wolchear/Desktop/bioInfIII/2assigment/working_copy
URL: file:///home/wolchear/Desktop/bioInfIII/2assigment/pdbx-NA-torison-G-X/software_investigations/trunk
Relative URL: ^/software_investigations/trunk
Repository Root: file:///home/wolchear/Desktop/bioInfIII/2assigment/pdbx-NA-torison-G-X
Repository UUID: 66f5417e-3dde-4fec-bdca-e80d95b29715
Revision: 30
Node Kind: directory
Schedule: normal
Last Changed Author: wolchear
Last Changed Rev: 30
Last Changed Date: 2024-05-28 23:02:25 +0300 (Tue, 28 May 2024)

+ df -h .
Filesystem      Size  Used Avail Use% Mounted on
/dev/sda3        40G   37G  1.1G  98% /
+ type osname
osname: not found
+ uname -a
Linux Ubuntu 6.5.0-35-generic #35~22.04.1-Ubuntu SMP PREEMPT_DYNAMIC Tue May  7 09:00:52 UTC 2 x86_64 x86_64 x86_64 GNU/Linux
+ date
Mon  3 Jun 16:03:23 EEST 2024
+ wget -O inputs/6Q1H.pdb http://www.rcsb.org/pdb/files/6Q1H.pdb
URL transformed to HTTPS due to an HSTS policy
--2024-06-03 16:03:23--  https://www.rcsb.org/pdb/files/6Q1H.pdb
Resolving www.rcsb.org (www.rcsb.org)... 128.6.159.248
Connecting to www.rcsb.org (www.rcsb.org)|128.6.159.248|:443... connected.
HTTP request sent, awaiting response... 301 Moved Permanently
Location: https://files.rcsb.org/download/6Q1H.pdb [following]
--2024-06-03 16:03:23--  https://files.rcsb.org/download/6Q1H.pdb
Resolving files.rcsb.org (files.rcsb.org)... 128.6.159.100
Connecting to files.rcsb.org (files.rcsb.org)|128.6.159.100|:443... connected.
HTTP request sent, awaiting response... 200 OK
Length: unspecified [application/octet-stream]
Saving to: ‘inputs/6Q1H.pdb’

     0K .......... .......... .......... .......... ..........  206K
    50K .......... .......... .......... .......... ..........  433K
   100K .......... .......... .......... .......... .......... 5.14M
   150K .......... .......... .......... .......... .......... 9.57M
   200K .......... .......... .......... .......... ..........  414K
   250K .......... .......... .......... .......... .......... 6.87M
   300K .......... .......... .......... .......... ..........  503K
   350K .......... .......... .......... .......... .......... 3.05M
   400K .......... .......... .......... .......... .......... 10.5M
   450K .......... .......... .......... .......... .......... 28.2M
   500K .......... .......... .......... .......... .......... 83.8M
   550K .......... .......... .......... .......... ..........  512K
   600K .......... .......... .......... .......... .......... 5.71M
   650K .......... .......... .......... .......... .......... 5.02M
   700K .......... .......... .......... .......... .......... 7.87M
   750K .......... .......... .......... .......... .......... 64.0M
   800K .......... .......... .......... .......... .......... 29.2M
   850K .......... .......... .......... .......... .......... 67.3M
   900K .......... .......... .......... .......... ..........  142M
   950K .......... .......... .......... .......... .......... 10.2M
  1000K .......... .......... .......... .......... ..........  124M
  1050K .......... .......... .......... .......... ..........  549K
  1100K .......... .......... .......... .......... .......... 6.75M
  1150K .......... .......... .......... .......... .......... 14.2M
  1200K .......... .......... .......... .......... .......... 10.9M
  1250K .......... .......... .......... .......... .......... 71.5M
  1300K .......... .......... .......... .......... .......... 28.6M
  1350K .......... .......... .......... .......... .......... 4.21M
  1400K .......... .......... .......... .......... .......... 6.59M
  1450K .......... .......... .......... .......... .......... 30.7M
  1500K .......... .......... .......... .......... .......... 20.6M
  1550K .......... .......... .......... .......... .......... 8.77M
  1600K .......... .......... .......... .......... .......... 25.1M
  1650K .......... .......... .......... .......... .......... 72.5M
  1700K .......... .......... .......... .......... .......... 94.6M
  1750K .......... .......... .......... .......... .......... 27.5M
  1800K .......... .......... .......... .......... .......... 28.1M
  1850K .......... .......... .......... .......... .......... 47.0M
  1900K .......... .......... .......... .......... .......... 89.0M
  1950K .......... .......... .......... .......... .......... 42.6M
  2000K .......... .......... .......... .......... .......... 36.6M
  2050K .......... .......... .......... .......... ..........  813K
  2100K .......... .......... .......... .......... .......... 12.9M
  2150K .......... .......... .......... .......... .......... 54.5M
  2200K .......... .......... .......... .......... .......... 6.79M
  2250K .......... .......... .......... .......... .......... 32.5M
  2300K .......... .......... .......... .......... .......... 34.3M
  2350K .......... .......... .......... .......... .......... 10.5M
  2400K .......... .......... .......... .......... .......... 22.9M
  2450K .......... .......... .......... .......... .......... 58.9M
  2500K .......... .......... .......... .......... .......... 37.2M
  2550K .......... .......... .......... .......... ..........  102M
  2600K .......... .......... .......... .......... .......... 70.2M
  2650K .......... .......... .......... .......... .......... 4.08M
  2700K .......... .......... .......... .......... .......... 17.5M
  2750K .......... .......... .......... .......... .......... 42.9M
  2800K .......... .......... .......... .......... .......... 45.1M
  2850K .......... .......... .......... .......... .......... 16.1M
  2900K .......... .......... .......... ....                   159M=1.0s

2024-06-03 16:03:24 (2.84 MB/s) - ‘inputs/6Q1H.pdb’ saved [3004695]

+ date -Imin
2024-06-03T16:03+03:00
