+ directory-metadata
+ whoami
wolchear
+ hostname -f
Ubuntu.myguest.virtualbox.org
+ pwd
/home/wolchear/Desktop/bioInfIII/2assigment/working_copy/software_investigations/trunk
+ set +x
+ svnversion
30M
+ svn info
Path: .
Working Copy Root Path: /home/wolchear/Desktop/bioInfIII/2assigment/working_copy
URL: file:///home/wolchear/Desktop/bioInfIII/2assigment/pdbx-NA-torison-G-X/software_investigations/trunk
Relative URL: ^/software_investigations/trunk
Repository Root: file:///home/wolchear/Desktop/bioInfIII/2assigment/pdbx-NA-torison-G-X
Repository UUID: 66f5417e-3dde-4fec-bdca-e80d95b29715
Revision: 30
Node Kind: directory
Schedule: normal
Last Changed Author: wolchear
Last Changed Rev: 30
Last Changed Date: 2024-05-28 23:02:25 +0300 (Tue, 28 May 2024)

+ df -h .
Filesystem      Size  Used Avail Use% Mounted on
/dev/sda3        40G   37G  1.1G  98% /
+ type osname
osname: not found
+ uname -a
Linux Ubuntu 6.5.0-35-generic #35~22.04.1-Ubuntu SMP PREEMPT_DYNAMIC Tue May  7 09:00:52 UTC 2 x86_64 x86_64 x86_64 GNU/Linux
+ date
Mon  3 Jun 16:01:54 EEST 2024
+ wget -O inputs/6QVF.pdb http://www.rcsb.org/pdb/files/6QVF.pdb
URL transformed to HTTPS due to an HSTS policy
--2024-06-03 16:01:54--  https://www.rcsb.org/pdb/files/6QVF.pdb
Resolving www.rcsb.org (www.rcsb.org)... 128.6.159.248
Connecting to www.rcsb.org (www.rcsb.org)|128.6.159.248|:443... connected.
HTTP request sent, awaiting response... 301 Moved Permanently
Location: https://files.rcsb.org/download/6QVF.pdb [following]
--2024-06-03 16:01:54--  https://files.rcsb.org/download/6QVF.pdb
Resolving files.rcsb.org (files.rcsb.org)... 128.6.159.100
Connecting to files.rcsb.org (files.rcsb.org)|128.6.159.100|:443... connected.
HTTP request sent, awaiting response... 200 OK
Length: unspecified [application/octet-stream]
Saving to: ‘inputs/6QVF.pdb’

     0K .......... .......... .......... .......... ..........  239K
    50K .......... .......... .......... .......... ..........  514K
   100K .......... .......... .......... .......... .......... 4.58M
   150K .......... .......... .......... .......... .......... 17.2M
   200K .......... .......... .......... .......... ..........  483K
   250K .......... .......... .......... .......... .......... 14.6M
   300K .......... .......... .......... .......... ..........  531K
   350K .......... .......... .......... .......... .......... 4.75M
   400K .......... .......... .......... .......... .......... 9.45M
   450K .......... .......... .......... .......... .......... 27.7M
   500K .......... .......... .......... .......... .......... 36.1M
   550K .......... .......... .......... .......... ..........  575K
   600K .......... .......... .......... .......... .......... 2.38M
   650K .......... .......... .......... .......... .......... 27.1M
   700K .......... .......... .......... .......... .......... 14.6M
   750K .......... .......... .......... .......... .......... 7.97M
   800K .......... .......... .......... .......... .......... 33.4M
   850K .......... .......... .......... .......... .......... 49.9M
   900K .......... .......... .......... .......... .......... 34.9M
   950K .......... .......... .......... .......... .......... 27.1M
  1000K .......... .......... ..........                       46.9M=0.7s

2024-06-03 16:01:55 (1.51 MB/s) - ‘inputs/6QVF.pdb’ saved [1055592]

+ date -Imin
2024-06-03T16:01+03:00
