+ directory-metadata
+ whoami
wolchear
+ hostname -f
Ubuntu.myguest.virtualbox.org
+ pwd
/home/wolchear/Desktop/bioInfIII/2assigment/working_copy/software_investigations/trunk
+ set +x
+ svnversion
30M
+ svn info
Path: .
Working Copy Root Path: /home/wolchear/Desktop/bioInfIII/2assigment/working_copy
URL: file:///home/wolchear/Desktop/bioInfIII/2assigment/pdbx-NA-torison-G-X/software_investigations/trunk
Relative URL: ^/software_investigations/trunk
Repository Root: file:///home/wolchear/Desktop/bioInfIII/2assigment/pdbx-NA-torison-G-X
Repository UUID: 66f5417e-3dde-4fec-bdca-e80d95b29715
Revision: 30
Node Kind: directory
Schedule: normal
Last Changed Author: wolchear
Last Changed Rev: 30
Last Changed Date: 2024-05-28 23:02:25 +0300 (Tue, 28 May 2024)

+ df -h .
Filesystem      Size  Used Avail Use% Mounted on
/dev/sda3        40G   37G  1.1G  98% /
+ type osname
osname: not found
+ uname -a
Linux Ubuntu 6.5.0-35-generic #35~22.04.1-Ubuntu SMP PREEMPT_DYNAMIC Tue May  7 09:00:52 UTC 2 x86_64 x86_64 x86_64 GNU/Linux
+ date
Mon  3 Jun 16:01:57 EEST 2024
+ wget -O inputs/6RO6.pdb http://www.rcsb.org/pdb/files/6RO6.pdb
URL transformed to HTTPS due to an HSTS policy
--2024-06-03 16:01:57--  https://www.rcsb.org/pdb/files/6RO6.pdb
Resolving www.rcsb.org (www.rcsb.org)... 128.6.159.248
Connecting to www.rcsb.org (www.rcsb.org)|128.6.159.248|:443... connected.
HTTP request sent, awaiting response... 301 Moved Permanently
Location: https://files.rcsb.org/download/6RO6.pdb [following]
--2024-06-03 16:01:57--  https://files.rcsb.org/download/6RO6.pdb
Resolving files.rcsb.org (files.rcsb.org)... 128.6.159.100
Connecting to files.rcsb.org (files.rcsb.org)|128.6.159.100|:443... connected.
HTTP request sent, awaiting response... 200 OK
Length: unspecified [application/octet-stream]
Saving to: ‘inputs/6RO6.pdb’

     0K .......... .......... .......... .......... ..........  229K
    50K .......... .......... .......... .......... ..........  553K
   100K .......... .......... .......... .......... .......... 3.15M
   150K .......... .......... .......... .......... .......... 12.5M
   200K .......... .......... .......... .......... ..........  481K
   250K .......... .......... .......... .......... .......... 21.0M
   300K .......... .......... .......... .......... ..........  572K
   350K .......... .......... .......... .......... .......... 2.35M
   400K .......... .......... .......... .......... .......... 14.2M
   450K .......... .......... .......... .......... .......... 4.46M
   500K .......... .......... .......... .......... .......... 12.9M
   550K .......... .......... .......... .......... ..........  741K
   600K .......... .......... .......... .......... .......... 3.92M
   650K .......... .......... .......... .......... .......... 3.64M
   700K .......... .......... .......... .......... .......... 22.6M
   750K .......... .......... .......... .......... .......... 97.2M
   800K .......... .......... .......... .......... .......... 70.5M
   850K .......... .......... .......... .......... .......... 87.8M
   900K .......... .......... .......... .......... .......... 14.5M
   950K .......... .......... .....                             163M=0.7s

2024-06-03 16:01:58 (1.44 MB/s) - ‘inputs/6RO6.pdb’ saved [998730]

+ date -Imin
2024-06-03T16:01+03:00
