+ directory-metadata
+ whoami
wolchear
+ hostname -f
Ubuntu.myguest.virtualbox.org
+ pwd
/home/wolchear/Desktop/bioInfIII/2assigment/working_copy/software_investigations/trunk
+ set +x
+ svnversion
30M
+ svn info
Path: .
Working Copy Root Path: /home/wolchear/Desktop/bioInfIII/2assigment/working_copy
URL: file:///home/wolchear/Desktop/bioInfIII/2assigment/pdbx-NA-torison-G-X/software_investigations/trunk
Relative URL: ^/software_investigations/trunk
Repository Root: file:///home/wolchear/Desktop/bioInfIII/2assigment/pdbx-NA-torison-G-X
Repository UUID: 66f5417e-3dde-4fec-bdca-e80d95b29715
Revision: 30
Node Kind: directory
Schedule: normal
Last Changed Author: wolchear
Last Changed Rev: 30
Last Changed Date: 2024-05-28 23:02:25 +0300 (Tue, 28 May 2024)

+ df -h .
Filesystem      Size  Used Avail Use% Mounted on
/dev/sda3        40G   37G  1.2G  98% /
+ type osname
osname: not found
+ uname -a
Linux Ubuntu 6.5.0-35-generic #35~22.04.1-Ubuntu SMP PREEMPT_DYNAMIC Tue May  7 09:00:52 UTC 2 x86_64 x86_64 x86_64 GNU/Linux
+ date
Mon  3 Jun 15:58:23 EEST 2024
+ wget -O inputs/6UKG.pdb http://www.rcsb.org/pdb/files/6UKG.pdb
URL transformed to HTTPS due to an HSTS policy
--2024-06-03 15:58:23--  https://www.rcsb.org/pdb/files/6UKG.pdb
Resolving www.rcsb.org (www.rcsb.org)... 128.6.159.248
Connecting to www.rcsb.org (www.rcsb.org)|128.6.159.248|:443... connected.
HTTP request sent, awaiting response... 301 Moved Permanently
Location: https://files.rcsb.org/download/6UKG.pdb [following]
--2024-06-03 15:58:24--  https://files.rcsb.org/download/6UKG.pdb
Resolving files.rcsb.org (files.rcsb.org)... 128.6.159.100
Connecting to files.rcsb.org (files.rcsb.org)|128.6.159.100|:443... connected.
HTTP request sent, awaiting response... 200 OK
Length: unspecified [application/octet-stream]
Saving to: ‘inputs/6UKG.pdb’

     0K .......... .......... .......... .......... ..........  237K
    50K .......... .......... .......... .......... ..........  497K
   100K .......... .......... .......... .......... .......... 6.15M
   150K .......... .......... .......... .......... .......... 23.0M
   200K .......... .......... .......... .......... ..........  457K
   250K .......... .......... .......... .......... .......... 2.64M
   300K .......... .......... .......... .......... ..........  658K
   350K .......... .......... .......... .......... .......... 6.93M
   400K .......... .......... .......... .......... .......... 8.56M
   450K .......... .......... .......... .......... .......... 15.6M
   500K .......... .......... .......... .......... .......... 29.9M
   550K .......... .......... .......... .......... ..........  571K
   600K .......... .......... .......... .......... .......... 5.49M
   650K .......... .......... .......... .......... .......... 30.3M
   700K .......... .......... .......... .......... .......... 26.8M
   750K .......                                                54.5M=0.6s

2024-06-03 15:58:25 (1.15 MB/s) - ‘inputs/6UKG.pdb’ saved [775494]

+ date -Imin
2024-06-03T15:58+03:00
