+ directory-metadata
+ whoami
wolchear
+ hostname -f
Ubuntu.myguest.virtualbox.org
+ pwd
/home/wolchear/Desktop/bioInfIII/2assigment/working_copy/software_investigations/trunk
+ set +x
+ svnversion
30M
+ svn info
Path: .
Working Copy Root Path: /home/wolchear/Desktop/bioInfIII/2assigment/working_copy
URL: file:///home/wolchear/Desktop/bioInfIII/2assigment/pdbx-NA-torison-G-X/software_investigations/trunk
Relative URL: ^/software_investigations/trunk
Repository Root: file:///home/wolchear/Desktop/bioInfIII/2assigment/pdbx-NA-torison-G-X
Repository UUID: 66f5417e-3dde-4fec-bdca-e80d95b29715
Revision: 30
Node Kind: directory
Schedule: normal
Last Changed Author: wolchear
Last Changed Rev: 30
Last Changed Date: 2024-05-28 23:02:25 +0300 (Tue, 28 May 2024)

+ df -h .
Filesystem      Size  Used Avail Use% Mounted on
/dev/sda3        40G   37G  1.2G  98% /
+ type osname
osname: not found
+ uname -a
Linux Ubuntu 6.5.0-35-generic #35~22.04.1-Ubuntu SMP PREEMPT_DYNAMIC Tue May  7 09:00:52 UTC 2 x86_64 x86_64 x86_64 GNU/Linux
+ date
Mon  3 Jun 15:58:37 EEST 2024
+ wget -O inputs/7M7T.pdb http://www.rcsb.org/pdb/files/7M7T.pdb
URL transformed to HTTPS due to an HSTS policy
--2024-06-03 15:58:37--  https://www.rcsb.org/pdb/files/7M7T.pdb
Resolving www.rcsb.org (www.rcsb.org)... 128.6.159.248
Connecting to www.rcsb.org (www.rcsb.org)|128.6.159.248|:443... connected.
HTTP request sent, awaiting response... 301 Moved Permanently
Location: https://files.rcsb.org/download/7M7T.pdb [following]
--2024-06-03 15:58:38--  https://files.rcsb.org/download/7M7T.pdb
Resolving files.rcsb.org (files.rcsb.org)... 128.6.159.100
Connecting to files.rcsb.org (files.rcsb.org)|128.6.159.100|:443... connected.
HTTP request sent, awaiting response... 200 OK
Length: unspecified [application/octet-stream]
Saving to: ‘inputs/7M7T.pdb’

     0K .......... .......... .......... .......... ..........  208K
    50K .......... .......... .......... .......... ..........  439K
   100K .......... .......... .......... .......... .......... 4.34M
   150K .......... .......... .......... .......... .......... 39.4M
   200K .......... .......... .......... .......... ..........  429K
   250K .......... .......... .......... .......... .......... 7.64M
   300K .......... .......... .......... .......... ..........  460K
   350K .......... .......... .......... .......... .......... 3.77M
   400K ..........                                             67.0M=0.6s

2024-06-03 15:58:39 (671 KB/s) - ‘inputs/7M7T.pdb’ saved [419985]

+ date -Imin
2024-06-03T15:58+03:00
