+ directory-metadata
+ whoami
wolchear
+ hostname -f
Ubuntu.myguest.virtualbox.org
+ pwd
/home/wolchear/Desktop/bioInfIII/2assigment/working_copy/software_investigations/trunk
+ set +x
+ svnversion
30M
+ svn info
Path: .
Working Copy Root Path: /home/wolchear/Desktop/bioInfIII/2assigment/working_copy
URL: file:///home/wolchear/Desktop/bioInfIII/2assigment/pdbx-NA-torison-G-X/software_investigations/trunk
Relative URL: ^/software_investigations/trunk
Repository Root: file:///home/wolchear/Desktop/bioInfIII/2assigment/pdbx-NA-torison-G-X
Repository UUID: 66f5417e-3dde-4fec-bdca-e80d95b29715
Revision: 30
Node Kind: directory
Schedule: normal
Last Changed Author: wolchear
Last Changed Rev: 30
Last Changed Date: 2024-05-28 23:02:25 +0300 (Tue, 28 May 2024)

+ df -h .
Filesystem      Size  Used Avail Use% Mounted on
/dev/sda3        40G   37G  1.1G  98% /
+ type osname
osname: not found
+ uname -a
Linux Ubuntu 6.5.0-35-generic #35~22.04.1-Ubuntu SMP PREEMPT_DYNAMIC Tue May  7 09:00:52 UTC 2 x86_64 x86_64 x86_64 GNU/Linux
+ date
Mon  3 Jun 16:02:58 EEST 2024
+ wget -O inputs/8BFT.pdb http://www.rcsb.org/pdb/files/8BFT.pdb
URL transformed to HTTPS due to an HSTS policy
--2024-06-03 16:02:58--  https://www.rcsb.org/pdb/files/8BFT.pdb
Resolving www.rcsb.org (www.rcsb.org)... 128.6.159.248
Connecting to www.rcsb.org (www.rcsb.org)|128.6.159.248|:443... connected.
HTTP request sent, awaiting response... 301 Moved Permanently
Location: https://files.rcsb.org/download/8BFT.pdb [following]
--2024-06-03 16:02:58--  https://files.rcsb.org/download/8BFT.pdb
Resolving files.rcsb.org (files.rcsb.org)... 128.6.159.100
Connecting to files.rcsb.org (files.rcsb.org)|128.6.159.100|:443... connected.
HTTP request sent, awaiting response... 200 OK
Length: unspecified [application/octet-stream]
Saving to: ‘inputs/8BFT.pdb’

     0K .......... .......... .......... .......... ..........  248K
    50K .......... .......... .......... .......... ..........  473K
   100K .......... .......... .......... .......... .......... 12.3M
   150K .......... .......... .......... .......... .......... 2.39M
   200K .......... .......... .......... .......... ..........  573K
   250K .......... .......... .......... .......... .......... 7.16M
   300K .......... .......... .......... .......... ..........  502K
   350K .......... .......... .......... .......... .......... 8.74M
   400K .......... .......... .......... .......... .......... 19.3M
   450K .......... .......... .......... .......... .......... 18.8M
   500K .......... .......... .......... .......... .......... 31.5M
   550K .......... .......... .......... .......... ..........  546K
   600K .......... .......... .......... .......... .......... 6.24M
   650K .......... .......... .......... .......... ..         6.16M=0.6s

2024-06-03 16:02:59 (1.05 MB/s) - ‘inputs/8BFT.pdb’ saved [709479]

+ date -Imin
2024-06-03T16:02+03:00
